Reward: 30.22:  29%|███████████████████████████████████████████████▎                                                                                                                      | 28524/100000 [00:10<00:27, 2596.53it/s]
Traceback (most recent call last):
  File "/Users/albertomoreno/Documents/Universidad/Year3/RP/EpistemicUncertaintyRL/.venv/lib/python3.10/site-packages/numpy/core/fromnumeric.py", line 2022, in shape
    result = a.shape
AttributeError: 'int' object has no attribute 'shape'

During handling of the above exception, another exception occurred:

Traceback (most recent call last):
  File "/Users/albertomoreno/Documents/Universidad/Year3/RP/EpistemicUncertaintyRL/main.py", line 147, in <module>
    agent.record_step(obs, next_obs, actions, rewards, terminations, infos, global_step, args.total_timesteps)
  File "/Users/albertomoreno/Documents/Universidad/Year3/RP/EpistemicUncertaintyRL/agents/rnd_agent.py", line 68, in record_step
    self.rb.add(obs, next_obs, actions, total_reward, dones, infos)
  File "/Users/albertomoreno/Documents/Universidad/Year3/RP/EpistemicUncertaintyRL/utils/replay_buffer.py", line 64, in add
    self._add_single(obs[i], next_obs[i], action[i], reward[i], done[i])
  File "/Users/albertomoreno/Documents/Universidad/Year3/RP/EpistemicUncertaintyRL/.venv/lib/python3.10/site-packages/jax/_src/array.py", line 383, in __getitem__
    return indexing.rewriting_take(self, idx)
  File "/Users/albertomoreno/Documents/Universidad/Year3/RP/EpistemicUncertaintyRL/.venv/lib/python3.10/site-packages/jax/_src/numpy/indexing.py", line 625, in rewriting_take
    if (result := _attempt_rewriting_take_via_slice(arr, idx, mode)) is not None:
  File "/Users/albertomoreno/Documents/Universidad/Year3/RP/EpistemicUncertaintyRL/.venv/lib/python3.10/site-packages/jax/_src/numpy/indexing.py", line 588, in _attempt_rewriting_take_via_slice
    assert np.shape(ind) == ()  # checked above
  File "/Users/albertomoreno/Documents/Universidad/Year3/RP/EpistemicUncertaintyRL/.venv/lib/python3.10/site-packages/numpy/core/fromnumeric.py", line 2022, in shape
    result = a.shape
KeyboardInterrupt
